[2020-03-06 23:03:05.236] [exthost] [info] extension host started
[2020-03-06 23:03:05.647] [exthost] [info] extension host started
[2020-03-06 23:03:05.668] [exthost] [info] ExtensionService#_doActivateExtension vscode.grunt {"startup":false,"extensionId":{"value":"vscode.grunt","_lower":"vscode.grunt"},"activationEvent":"onCommand:workbench.action.tasks.runTask"}
[2020-03-06 23:03:05.669] [exthost] [info] ExtensionService#loadCommonJSModule file:///c:/Users/DT/.p2/pool/plugins/com.genuitec.eclipse.code.engine.app.win32.x86_64_3.6.0.202002212104/engine/resources/app/extensions/grunt/dist/main
[2020-03-06 23:03:05.676] [exthost] [info] ExtensionService#_doActivateExtension vscode.gulp {"startup":false,"extensionId":{"value":"vscode.gulp","_lower":"vscode.gulp"},"activationEvent":"onCommand:workbench.action.tasks.runTask"}
[2020-03-06 23:03:05.676] [exthost] [info] ExtensionService#loadCommonJSModule file:///c:/Users/DT/.p2/pool/plugins/com.genuitec.eclipse.code.engine.app.win32.x86_64_3.6.0.202002212104/engine/resources/app/extensions/gulp/dist/main
[2020-03-06 23:03:05.681] [exthost] [info] ExtensionService#_doActivateExtension vscode.jake {"startup":false,"extensionId":{"value":"vscode.jake","_lower":"vscode.jake"},"activationEvent":"onCommand:workbench.action.tasks.runTask"}
[2020-03-06 23:03:05.682] [exthost] [info] ExtensionService#loadCommonJSModule file:///c:/Users/DT/.p2/pool/plugins/com.genuitec.eclipse.code.engine.app.win32.x86_64_3.6.0.202002212104/engine/resources/app/extensions/jake/dist/main
[2020-03-06 23:03:05.687] [exthost] [info] ExtensionService#_doActivateExtension vscode.npm {"startup":false,"extensionId":{"value":"vscode.npm","_lower":"vscode.npm"},"activationEvent":"onCommand:workbench.action.tasks.runTask"}
[2020-03-06 23:03:05.687] [exthost] [info] ExtensionService#loadCommonJSModule file:///c:/Users/DT/.p2/pool/plugins/com.genuitec.eclipse.code.engine.app.win32.x86_64_3.6.0.202002212104/engine/resources/app/extensions/npm/dist/main
[2020-03-06 23:03:05.704] [exthost] [info] ExtensionService#_doActivateExtension vscode.typescript-language-features {"startup":false,"extensionId":{"value":"vscode.typescript-language-features","_lower":"vscode.typescript-language-features"},"activationEvent":"onCommand:workbench.action.tasks.runTask"}
[2020-03-06 23:03:05.704] [exthost] [info] ExtensionService#loadCommonJSModule file:///c:/Users/DT/.p2/pool/plugins/com.genuitec.eclipse.code.engine.app.win32.x86_64_3.6.0.202002212104/engine/resources/app/extensions/typescript-language-features/dist/extension
[2020-03-06 23:03:05.768] [exthost] [info] ExtensionService#_doActivateExtension HookyQR.beautify {"startup":true,"extensionId":{"value":"HookyQR.beautify","_lower":"hookyqr.beautify"},"activationEvent":"*"}
[2020-03-06 23:03:05.768] [exthost] [info] ExtensionService#loadCommonJSModule file:///c:/Users/DT/.p2/pool/plugins/pack.core.win_3.6.0.202001241725/HookyQR.beautify-1.4.11/extension
[2020-03-06 23:03:05.986] [exthost] [info] ExtensionService#_doActivateExtension christian-kohler.path-intellisense {"startup":true,"extensionId":{"value":"christian-kohler.path-intellisense","_lower":"christian-kohler.path-intellisense"},"activationEvent":"*"}
[2020-03-06 23:03:05.986] [exthost] [info] ExtensionService#loadCommonJSModule file:///c:/Users/DT/.p2/pool/plugins/pack.core.win_3.6.0.202001241725/christian-kohler.path-intellisense-1.4.2/out/src/extension
[2020-03-06 23:03:06.062] [exthost] [info] ExtensionService#_doActivateExtension dbaeumer.vscode-eslint {"startup":true,"extensionId":{"value":"dbaeumer.vscode-eslint","_lower":"dbaeumer.vscode-eslint"},"activationEvent":"*"}
[2020-03-06 23:03:06.062] [exthost] [info] ExtensionService#loadCommonJSModule file:///c:/Users/DT/.p2/pool/plugins/pack.core.win_3.6.0.202001241725/dbaeumer.vscode-eslint-1.9.0/client/out/extension
[2020-03-06 23:03:06.077] [exthost] [info] ExtensionService#_doActivateExtension vscode.debug-auto-launch {"startup":true,"extensionId":{"value":"vscode.debug-auto-launch","_lower":"vscode.debug-auto-launch"},"activationEvent":"*"}
[2020-03-06 23:03:06.077] [exthost] [info] ExtensionService#loadCommonJSModule file:///c:/Users/DT/.p2/pool/plugins/com.genuitec.eclipse.code.engine.app.win32.x86_64_3.6.0.202002212104/engine/resources/app/extensions/debug-auto-launch/dist/extension
[2020-03-06 23:03:06.081] [exthost] [info] ExtensionService#_doActivateExtension vscode.emmet {"startup":true,"extensionId":{"value":"vscode.emmet","_lower":"vscode.emmet"},"activationEvent":"*"}
[2020-03-06 23:03:06.081] [exthost] [info] ExtensionService#loadCommonJSModule file:///c:/Users/DT/.p2/pool/plugins/com.genuitec.eclipse.code.engine.app.win32.x86_64_3.6.0.202002212104/engine/resources/app/extensions/emmet/dist/extension
[2020-03-06 23:03:06.123] [exthost] [info] ExtensionService#_doActivateExtension formulahendry.auto-close-tag {"startup":true,"extensionId":{"value":"formulahendry.auto-close-tag","_lower":"formulahendry.auto-close-tag"},"activationEvent":"*"}
[2020-03-06 23:03:06.123] [exthost] [info] ExtensionService#loadCommonJSModule file:///c:/Users/DT/.p2/pool/plugins/pack.core.win_3.6.0.202001241725/formulahendry.auto-close-tag-0.5.6/out/src/extension
[2020-03-06 23:03:06.157] [exthost] [info] eager extensions activated
[2020-03-06 23:07:36.550] [exthost] [info] ExtensionService#_doActivateExtension vscode.configuration-editing {"startup":false,"extensionId":{"value":"vscode.configuration-editing","_lower":"vscode.configuration-editing"},"activationEvent":"onLanguage:jsonc"}
[2020-03-06 23:07:36.550] [exthost] [info] ExtensionService#loadCommonJSModule file:///c:/Users/DT/.p2/pool/plugins/com.genuitec.eclipse.code.engine.app.win32.x86_64_3.6.0.202002212104/engine/resources/app/extensions/configuration-editing/dist/extension
[2020-03-06 23:07:36.559] [exthost] [info] ExtensionService#_doActivateExtension vscode.json-language-features {"startup":false,"extensionId":{"value":"vscode.json-language-features","_lower":"vscode.json-language-features"},"activationEvent":"onLanguage:jsonc"}
[2020-03-06 23:07:36.559] [exthost] [info] ExtensionService#loadCommonJSModule file:///c:/Users/DT/.p2/pool/plugins/com.genuitec.eclipse.code.engine.app.win32.x86_64_3.6.0.202002212104/engine/resources/app/extensions/json-language-features/client/dist/jsonMain
[2020-03-06 23:09:54.741] [exthost] [info] ExtensionService#_doActivateExtension Angular.ng-template {"startup":false,"extensionId":{"value":"Angular.ng-template","_lower":"angular.ng-template"},"activationEvent":"onLanguage:html"}
[2020-03-06 23:09:54.741] [exthost] [info] ExtensionService#loadCommonJSModule file:///c:/Users/DT/.p2/pool/plugins/pack.angular.win_3.6.0.202002112320/Angular.ng-template-0.900.4-fixed/client
[2020-03-06 23:09:54.829] [exthost] [info] ExtensionService#_doActivateExtension vscode.html-language-features {"startup":false,"extensionId":{"value":"vscode.html-language-features","_lower":"vscode.html-language-features"},"activationEvent":"onLanguage:html"}
[2020-03-06 23:09:54.829] [exthost] [info] ExtensionService#loadCommonJSModule file:///c:/Users/DT/.p2/pool/plugins/com.genuitec.eclipse.code.engine.app.win32.x86_64_3.6.0.202002212104/engine/resources/app/extensions/html-language-features/client/dist/htmlMain
[2020-03-06 23:09:54.870] [exthost] [info] ExtensionService#_doActivateExtension mkaufman.HTMLHint {"startup":false,"extensionId":{"value":"mkaufman.HTMLHint","_lower":"mkaufman.htmlhint"},"activationEvent":"onLanguage:html"}
[2020-03-06 23:09:54.870] [exthost] [info] ExtensionService#loadCommonJSModule file:///c:/Users/DT/.p2/pool/plugins/pack.core.win_3.6.0.202001241725/mkaufman.HTMLHint-0.6.0/out/extension
[2020-03-06 23:10:20.652] [exthost] [error] [vscode.html-language-features] provider FAILED
[2020-03-06 23:10:20.652] [exthost] [error] Error: DisposableStore is missing...
	at SuggestAdapter._convertCompletionItem (c:\Users\DT\.p2\pool\plugins\com.genuitec.eclipse.code.engine.app.win32.x86_64_3.6.0.202002212104\engine\resources\app\out\vs\workbench\services\extensions\node\extensionHostProcess.js:38370:23)
	at c:\Users\DT\.p2\pool\plugins\com.genuitec.eclipse.code.engine.app.win32.x86_64_3.6.0.202002212104\engine\resources\app\out\vs\workbench\services\extensions\node\extensionHostProcess.js:38355:29
[2020-03-06 23:10:20.653] [exthost] [error] [vscode.html-language-features] provider FAILED
[2020-03-06 23:10:20.653] [exthost] [error] Error: DisposableStore is missing...
	at SuggestAdapter._convertCompletionItem (c:\Users\DT\.p2\pool\plugins\com.genuitec.eclipse.code.engine.app.win32.x86_64_3.6.0.202002212104\engine\resources\app\out\vs\workbench\services\extensions\node\extensionHostProcess.js:38370:23)
	at c:\Users\DT\.p2\pool\plugins\com.genuitec.eclipse.code.engine.app.win32.x86_64_3.6.0.202002212104\engine\resources\app\out\vs\workbench\services\extensions\node\extensionHostProcess.js:38355:29
[2020-03-06 23:10:20.654] [exthost] [error] [vscode.html-language-features] provider FAILED
[2020-03-06 23:10:20.654] [exthost] [error] Error: DisposableStore is missing...
	at SuggestAdapter._convertCompletionItem (c:\Users\DT\.p2\pool\plugins\com.genuitec.eclipse.code.engine.app.win32.x86_64_3.6.0.202002212104\engine\resources\app\out\vs\workbench\services\extensions\node\extensionHostProcess.js:38370:23)
	at c:\Users\DT\.p2\pool\plugins\com.genuitec.eclipse.code.engine.app.win32.x86_64_3.6.0.202002212104\engine\resources\app\out\vs\workbench\services\extensions\node\extensionHostProcess.js:38355:29
[2020-03-06 23:10:20.654] [exthost] [error] [vscode.html-language-features] provider FAILED
[2020-03-06 23:10:20.654] [exthost] [error] Error: DisposableStore is missing...
	at SuggestAdapter._convertCompletionItem (c:\Users\DT\.p2\pool\plugins\com.genuitec.eclipse.code.engine.app.win32.x86_64_3.6.0.202002212104\engine\resources\app\out\vs\workbench\services\extensions\node\extensionHostProcess.js:38370:23)
	at c:\Users\DT\.p2\pool\plugins\com.genuitec.eclipse.code.engine.app.win32.x86_64_3.6.0.202002212104\engine\resources\app\out\vs\workbench\services\extensions\node\extensionHostProcess.js:38355:29
	at runNextTicks (internal/process/task_queues.js:55:5)
	at processImmediate (internal/timers.js:412:9)
[2020-03-06 23:10:20.654] [exthost] [error] [vscode.html-language-features] provider FAILED
[2020-03-06 23:10:20.654] [exthost] [error] Error: DisposableStore is missing...
	at SuggestAdapter._convertCompletionItem (c:\Users\DT\.p2\pool\plugins\com.genuitec.eclipse.code.engine.app.win32.x86_64_3.6.0.202002212104\engine\resources\app\out\vs\workbench\services\extensions\node\extensionHostProcess.js:38370:23)
	at c:\Users\DT\.p2\pool\plugins\com.genuitec.eclipse.code.engine.app.win32.x86_64_3.6.0.202002212104\engine\resources\app\out\vs\workbench\services\extensions\node\extensionHostProcess.js:38355:29
[2020-03-06 23:10:35.532] [exthost] [error] [vscode.html-language-features] provider FAILED
[2020-03-06 23:10:35.532] [exthost] [error] Error: DisposableStore is missing...
	at SuggestAdapter._convertCompletionItem (c:\Users\DT\.p2\pool\plugins\com.genuitec.eclipse.code.engine.app.win32.x86_64_3.6.0.202002212104\engine\resources\app\out\vs\workbench\services\extensions\node\extensionHostProcess.js:38370:23)
	at c:\Users\DT\.p2\pool\plugins\com.genuitec.eclipse.code.engine.app.win32.x86_64_3.6.0.202002212104\engine\resources\app\out\vs\workbench\services\extensions\node\extensionHostProcess.js:38355:29
[2020-03-06 23:10:35.532] [exthost] [error] [vscode.html-language-features] provider FAILED
[2020-03-06 23:10:35.532] [exthost] [error] Error: DisposableStore is missing...
	at SuggestAdapter._convertCompletionItem (c:\Users\DT\.p2\pool\plugins\com.genuitec.eclipse.code.engine.app.win32.x86_64_3.6.0.202002212104\engine\resources\app\out\vs\workbench\services\extensions\node\extensionHostProcess.js:38370:23)
	at c:\Users\DT\.p2\pool\plugins\com.genuitec.eclipse.code.engine.app.win32.x86_64_3.6.0.202002212104\engine\resources\app\out\vs\workbench\services\extensions\node\extensionHostProcess.js:38355:29
[2020-03-06 23:12:45.540] [exthost] [info] ExtensionService#_doActivateExtension vscode.debug-server-ready {"startup":false,"extensionId":{"value":"vscode.debug-server-ready","_lower":"vscode.debug-server-ready"},"activationEvent":"onDebugResolve"}
[2020-03-06 23:12:45.540] [exthost] [info] ExtensionService#loadCommonJSModule file:///c:/Users/DT/.p2/pool/plugins/com.genuitec.eclipse.code.engine.app.win32.x86_64_3.6.0.202002212104/engine/resources/app/extensions/debug-server-ready/dist/extension
[2020-03-06 23:12:45.547] [exthost] [info] ExtensionService#_doActivateExtension msjsdiag.debugger-for-chrome {"startup":false,"extensionId":{"value":"msjsdiag.debugger-for-chrome","_lower":"msjsdiag.debugger-for-chrome"},"activationEvent":"onDebugResolve:chrome"}
[2020-03-06 23:12:45.547] [exthost] [info] ExtensionService#loadCommonJSModule file:///c:/Users/DT/.p2/pool/plugins/pack.core.win_3.6.0.202001241725/msjsdiag.debugger-for-chrome-4.12.3/out/src/extension
[2020-03-06 23:13:42.094] [exthost] [info] ExtensionService#_doActivateExtension vscode.css-language-features {"startup":false,"extensionId":{"value":"vscode.css-language-features","_lower":"vscode.css-language-features"},"activationEvent":"onLanguage:css"}
[2020-03-06 23:13:42.094] [exthost] [info] ExtensionService#loadCommonJSModule file:///c:/Users/DT/.p2/pool/plugins/com.genuitec.eclipse.code.engine.app.win32.x86_64_3.6.0.202002212104/engine/resources/app/extensions/css-language-features/client/dist/cssMain
[2020-03-06 23:13:43.458] [exthost] [info] ExtensionService#_doActivateExtension vscode.extension-editing {"startup":false,"extensionId":{"value":"vscode.extension-editing","_lower":"vscode.extension-editing"},"activationEvent":"onLanguage:typescript"}
[2020-03-06 23:13:43.458] [exthost] [info] ExtensionService#loadCommonJSModule file:///c:/Users/DT/.p2/pool/plugins/com.genuitec.eclipse.code.engine.app.win32.x86_64_3.6.0.202002212104/engine/resources/app/extensions/extension-editing/dist/extension
[2020-03-06 23:13:43.483] [exthost] [info] ExtensionService#_doActivateExtension ms-vscode.vscode-typescript-tslint-plugin {"startup":false,"extensionId":{"value":"ms-vscode.vscode-typescript-tslint-plugin","_lower":"ms-vscode.vscode-typescript-tslint-plugin"},"activationEvent":"onLanguage:typescript"}
[2020-03-06 23:13:43.483] [exthost] [info] ExtensionService#loadCommonJSModule file:///c:/Users/DT/.p2/pool/plugins/pack.core.win_3.6.0.202001241725/ms-vscode.vscode-typescript-tslint-plugin-1.2.2/out/index.js
